<?xml version="1.0" encoding="UTF-8"?>
<!-- Generated by org.testng.reporters.JUnitXMLReporter -->
<testsuite ignored="0" hostname="shamss-MBP.lan1" failures="0" tests="9" name="Default test" time="37.25" errors="0" timestamp="30 Dec 2018 00:21:52 GMT">
  <testcase classname="testNGDataProvider.FreeCRMLogIn" name="loginTest" time="1.252"/>
  <testcase classname="testNGDataProvider.FreeCRMLogIn" name="loginTest" time="1.021"/>
  <testcase classname="testNGDataProvider.FreeCRMLogIn" name="loginTest" time="1.098"/>
  <testcase classname="testNGDataProvider.FreeCRMLogIn" name="loginTest" time="1.033"/>
  <testcase classname="testNGDataProvider.FreeCRMLogIn" name="loginTest" time="1.17"/>
  <testcase classname="testNGDataProvider.FreeCRMLogIn" name="loginTest" time="0.965"/>
  <testcase classname="testNGDataProvider.FreeCRMLogIn" name="loginTest" time="1.097"/>
  <testcase classname="testNGDataProvider.FreeCRMLogIn" name="loginTest" time="0.959"/>
  <testcase classname="testNGDataProvider.FreeCRMLogIn" name="loginTest" time="1.085"/>
</testsuite> <!-- Default test -->
