<?xml version="1.0" encoding="UTF-8"?>
<!-- Generated by org.testng.reporters.JUnitXMLReporter -->
<testsuite ignored="0" hostname="shamss-MBP.lan1" failures="1" tests="12" name="TestNG Features TEST" time="33.48" errors="0" timestamp="28 Dec 2018 22:55:57 GMT">
  <testcase classname="com.testNG.TestNGFeature" name="loginTest" time="0.007"/>
  <testcase classname="com.testNG.TestNGFeature" name="HomePageTest" time="0.001"/>
  <testcase classname="com.testNG.TestNGFeature" name="RegPageTest" time="0.001"/>
  <testcase classname="com.testNG.TestNGFeature" name="SearchPageTest" time="0.001"/>
  <testcase classname="com.testNG.TestNGGoogleTitleTest" name="googleLogoTest" time="0.033"/>
  <testcase classname="com.testNG.TestNGGoogleTitleTest" name="googleTitleTest" time="0.006"/>
  <testcase classname="com.testNG.TestNGSample" name="googleTitleTest" time="0.009"/>
  <testcase classname="com.testNG.TestNGSample" name="mailLinkTest" time="11.423">
    <failure type="java.lang.NullPointerException">
      <![CDATA[java.lang.NullPointerException
at com.testNG.TestNGSample.mailLinkTest(TestNGSample.java:46)
... Removed 25 stack frames]]>
    </failure>
  </testcase> <!-- mailLinkTest -->
  <testcase classname="com.testNG.TestNGSample" name="googleLogoTest" time="0.029"/>
  <testcase classname="com.testNG.TestNGSample" name="test1" time="0.001"/>
  <testcase classname="com.testNG.TestNGSample" name="test2" time="0.001"/>
  <testcase classname="com.testNG.TestNGSample" name="test3" time="0.001"/>
</testsuite> <!-- TestNG Features TEST -->
