<?xml version="1.0" encoding="UTF-8"?>
<testng-results ignored="0" total="9" passed="9" failed="0" skipped="0">
  <reporter-output>
  </reporter-output>
  <suite started-at="2018-12-30T00:21:15Z" name="Default suite" finished-at="2018-12-30T00:21:52Z" duration-ms="37250">
    <groups>
    </groups>
    <test started-at="2018-12-30T00:21:15Z" name="Default test" finished-at="2018-12-30T00:21:52Z" duration-ms="37250">
      <class name="testNGDataProvider.FreeCRMLogIn">
        <test-method is-config="true" signature="setUp()[pri:0, instance:testNGDataProvider.FreeCRMLogIn@2805d709]" started-at="2018-12-30T00:21:15Z" name="setUp" finished-at="2018-12-30T00:21:19Z" duration-ms="3887" status="PASS">
          <reporter-output>
          </reporter-output>
        </test-method> <!-- setUp -->
        <test-method signature="loginTest(java.lang.String, java.lang.String)[pri:0, instance:testNGDataProvider.FreeCRMLogIn@2805d709]" started-at="2018-12-30T00:21:19Z" name="loginTest" data-provider="getLoginData" finished-at="2018-12-30T00:21:20Z" duration-ms="1252" status="PASS">
          <params>
            <param index="0">
              <value>
                <![CDATA[shams]]>
              </value>
            </param>
            <param index="1">
              <value>
                <![CDATA[test]]>
              </value>
            </param>
          </params>
          <reporter-output>
          </reporter-output>
        </test-method> <!-- loginTest -->
        <test-method is-config="true" signature="tearDown()[pri:0, instance:testNGDataProvider.FreeCRMLogIn@2805d709]" started-at="2018-12-30T00:21:20Z" name="tearDown" finished-at="2018-12-30T00:21:21Z" duration-ms="86" status="PASS">
          <reporter-output>
          </reporter-output>
        </test-method> <!-- tearDown -->
        <test-method is-config="true" signature="setUp()[pri:0, instance:testNGDataProvider.FreeCRMLogIn@2805d709]" started-at="2018-12-30T00:21:21Z" name="setUp" finished-at="2018-12-30T00:21:23Z" duration-ms="2600" status="PASS">
          <reporter-output>
          </reporter-output>
        </test-method> <!-- setUp -->
        <test-method signature="loginTest(java.lang.String, java.lang.String)[pri:0, instance:testNGDataProvider.FreeCRMLogIn@2805d709]" started-at="2018-12-30T00:21:23Z" name="loginTest" data-provider="getLoginData" finished-at="2018-12-30T00:21:24Z" duration-ms="1021" status="PASS">
          <params>
            <param index="0">
              <value>
                <![CDATA[nasir]]>
              </value>
            </param>
            <param index="1">
              <value>
                <![CDATA[test]]>
              </value>
            </param>
          </params>
          <reporter-output>
          </reporter-output>
        </test-method> <!-- loginTest -->
        <test-method is-config="true" signature="tearDown()[pri:0, instance:testNGDataProvider.FreeCRMLogIn@2805d709]" started-at="2018-12-30T00:21:24Z" name="tearDown" finished-at="2018-12-30T00:21:24Z" duration-ms="105" status="PASS">
          <reporter-output>
          </reporter-output>
        </test-method> <!-- tearDown -->
        <test-method is-config="true" signature="setUp()[pri:0, instance:testNGDataProvider.FreeCRMLogIn@2805d709]" started-at="2018-12-30T00:21:24Z" name="setUp" finished-at="2018-12-30T00:21:27Z" duration-ms="2720" status="PASS">
          <reporter-output>
          </reporter-output>
        </test-method> <!-- setUp -->
        <test-method signature="loginTest(java.lang.String, java.lang.String)[pri:0, instance:testNGDataProvider.FreeCRMLogIn@2805d709]" started-at="2018-12-30T00:21:27Z" name="loginTest" data-provider="getLoginData" finished-at="2018-12-30T00:21:28Z" duration-ms="1098" status="PASS">
          <params>
            <param index="0">
              <value>
                <![CDATA[hasan]]>
              </value>
            </param>
            <param index="1">
              <value>
                <![CDATA[test]]>
              </value>
            </param>
          </params>
          <reporter-output>
          </reporter-output>
        </test-method> <!-- loginTest -->
        <test-method is-config="true" signature="tearDown()[pri:0, instance:testNGDataProvider.FreeCRMLogIn@2805d709]" started-at="2018-12-30T00:21:28Z" name="tearDown" finished-at="2018-12-30T00:21:28Z" duration-ms="98" status="PASS">
          <reporter-output>
          </reporter-output>
        </test-method> <!-- tearDown -->
        <test-method is-config="true" signature="setUp()[pri:0, instance:testNGDataProvider.FreeCRMLogIn@2805d709]" started-at="2018-12-30T00:21:28Z" name="setUp" finished-at="2018-12-30T00:21:31Z" duration-ms="2753" status="PASS">
          <reporter-output>
          </reporter-output>
        </test-method> <!-- setUp -->
        <test-method signature="loginTest(java.lang.String, java.lang.String)[pri:0, instance:testNGDataProvider.FreeCRMLogIn@2805d709]" started-at="2018-12-30T00:21:31Z" name="loginTest" data-provider="getLoginData" finished-at="2018-12-30T00:21:32Z" duration-ms="1033" status="PASS">
          <params>
            <param index="0">
              <value>
                <![CDATA[tofayel]]>
              </value>
            </param>
            <param index="1">
              <value>
                <![CDATA[test]]>
              </value>
            </param>
          </params>
          <reporter-output>
          </reporter-output>
        </test-method> <!-- loginTest -->
        <test-method is-config="true" signature="tearDown()[pri:0, instance:testNGDataProvider.FreeCRMLogIn@2805d709]" started-at="2018-12-30T00:21:32Z" name="tearDown" finished-at="2018-12-30T00:21:32Z" duration-ms="92" status="PASS">
          <reporter-output>
          </reporter-output>
        </test-method> <!-- tearDown -->
        <test-method is-config="true" signature="setUp()[pri:0, instance:testNGDataProvider.FreeCRMLogIn@2805d709]" started-at="2018-12-30T00:21:32Z" name="setUp" finished-at="2018-12-30T00:21:35Z" duration-ms="2739" status="PASS">
          <reporter-output>
          </reporter-output>
        </test-method> <!-- setUp -->
        <test-method signature="loginTest(java.lang.String, java.lang.String)[pri:0, instance:testNGDataProvider.FreeCRMLogIn@2805d709]" started-at="2018-12-30T00:21:35Z" name="loginTest" data-provider="getLoginData" finished-at="2018-12-30T00:21:36Z" duration-ms="1170" status="PASS">
          <params>
            <param index="0">
              <value>
                <![CDATA[ahmed]]>
              </value>
            </param>
            <param index="1">
              <value>
                <![CDATA[test]]>
              </value>
            </param>
          </params>
          <reporter-output>
          </reporter-output>
        </test-method> <!-- loginTest -->
        <test-method is-config="true" signature="tearDown()[pri:0, instance:testNGDataProvider.FreeCRMLogIn@2805d709]" started-at="2018-12-30T00:21:36Z" name="tearDown" finished-at="2018-12-30T00:21:36Z" duration-ms="91" status="PASS">
          <reporter-output>
          </reporter-output>
        </test-method> <!-- tearDown -->
        <test-method is-config="true" signature="setUp()[pri:0, instance:testNGDataProvider.FreeCRMLogIn@2805d709]" started-at="2018-12-30T00:21:36Z" name="setUp" finished-at="2018-12-30T00:21:39Z" duration-ms="2837" status="PASS">
          <reporter-output>
          </reporter-output>
        </test-method> <!-- setUp -->
        <test-method signature="loginTest(java.lang.String, java.lang.String)[pri:0, instance:testNGDataProvider.FreeCRMLogIn@2805d709]" started-at="2018-12-30T00:21:39Z" name="loginTest" data-provider="getLoginData" finished-at="2018-12-30T00:21:40Z" duration-ms="965" status="PASS">
          <params>
            <param index="0">
              <value>
                <![CDATA[fahim]]>
              </value>
            </param>
            <param index="1">
              <value>
                <![CDATA[test]]>
              </value>
            </param>
          </params>
          <reporter-output>
          </reporter-output>
        </test-method> <!-- loginTest -->
        <test-method is-config="true" signature="tearDown()[pri:0, instance:testNGDataProvider.FreeCRMLogIn@2805d709]" started-at="2018-12-30T00:21:40Z" name="tearDown" finished-at="2018-12-30T00:21:40Z" duration-ms="92" status="PASS">
          <reporter-output>
          </reporter-output>
        </test-method> <!-- tearDown -->
        <test-method is-config="true" signature="setUp()[pri:0, instance:testNGDataProvider.FreeCRMLogIn@2805d709]" started-at="2018-12-30T00:21:40Z" name="setUp" finished-at="2018-12-30T00:21:43Z" duration-ms="2773" status="PASS">
          <reporter-output>
          </reporter-output>
        </test-method> <!-- setUp -->
        <test-method signature="loginTest(java.lang.String, java.lang.String)[pri:0, instance:testNGDataProvider.FreeCRMLogIn@2805d709]" started-at="2018-12-30T00:21:43Z" name="loginTest" data-provider="getLoginData" finished-at="2018-12-30T00:21:44Z" duration-ms="1097" status="PASS">
          <params>
            <param index="0">
              <value>
                <![CDATA[siddique]]>
              </value>
            </param>
            <param index="1">
              <value>
                <![CDATA[test]]>
              </value>
            </param>
          </params>
          <reporter-output>
          </reporter-output>
        </test-method> <!-- loginTest -->
        <test-method is-config="true" signature="tearDown()[pri:0, instance:testNGDataProvider.FreeCRMLogIn@2805d709]" started-at="2018-12-30T00:21:44Z" name="tearDown" finished-at="2018-12-30T00:21:44Z" duration-ms="93" status="PASS">
          <reporter-output>
          </reporter-output>
        </test-method> <!-- tearDown -->
        <test-method is-config="true" signature="setUp()[pri:0, instance:testNGDataProvider.FreeCRMLogIn@2805d709]" started-at="2018-12-30T00:21:44Z" name="setUp" finished-at="2018-12-30T00:21:47Z" duration-ms="2761" status="PASS">
          <reporter-output>
          </reporter-output>
        </test-method> <!-- setUp -->
        <test-method signature="loginTest(java.lang.String, java.lang.String)[pri:0, instance:testNGDataProvider.FreeCRMLogIn@2805d709]" started-at="2018-12-30T00:21:47Z" name="loginTest" data-provider="getLoginData" finished-at="2018-12-30T00:21:48Z" duration-ms="959" status="PASS">
          <params>
            <param index="0">
              <value>
                <![CDATA[asif]]>
              </value>
            </param>
            <param index="1">
              <value>
                <![CDATA[test]]>
              </value>
            </param>
          </params>
          <reporter-output>
          </reporter-output>
        </test-method> <!-- loginTest -->
        <test-method is-config="true" signature="tearDown()[pri:0, instance:testNGDataProvider.FreeCRMLogIn@2805d709]" started-at="2018-12-30T00:21:48Z" name="tearDown" finished-at="2018-12-30T00:21:48Z" duration-ms="96" status="PASS">
          <reporter-output>
          </reporter-output>
        </test-method> <!-- tearDown -->
        <test-method is-config="true" signature="setUp()[pri:0, instance:testNGDataProvider.FreeCRMLogIn@2805d709]" started-at="2018-12-30T00:21:48Z" name="setUp" finished-at="2018-12-30T00:21:51Z" duration-ms="2843" status="PASS">
          <reporter-output>
          </reporter-output>
        </test-method> <!-- setUp -->
        <test-method signature="loginTest(java.lang.String, java.lang.String)[pri:0, instance:testNGDataProvider.FreeCRMLogIn@2805d709]" started-at="2018-12-30T00:21:51Z" name="loginTest" data-provider="getLoginData" finished-at="2018-12-30T00:21:52Z" duration-ms="1085" status="PASS">
          <params>
            <param index="0">
              <value>
                <![CDATA[jewel]]>
              </value>
            </param>
            <param index="1">
              <value>
                <![CDATA[test]]>
              </value>
            </param>
          </params>
          <reporter-output>
          </reporter-output>
        </test-method> <!-- loginTest -->
        <test-method is-config="true" signature="tearDown()[pri:0, instance:testNGDataProvider.FreeCRMLogIn@2805d709]" started-at="2018-12-30T00:21:52Z" name="tearDown" finished-at="2018-12-30T00:21:52Z" duration-ms="90" status="PASS">
          <reporter-output>
          </reporter-output>
        </test-method> <!-- tearDown -->
      </class> <!-- testNGDataProvider.FreeCRMLogIn -->
    </test> <!-- Default test -->
  </suite> <!-- Default suite -->
</testng-results>
